
 [16.01.2023, 08:37:03][System]{"Username":"Username should be between 3 and 16 characters in length and schould only contain alphabetic, numeric, '-' and '_' characters."}
 [16.01.2023, 08:44:44][System]{"Token":"SMS Token not correct or expired"}
 [16.01.2023, 09:11:27][System]{"PasswordRepeat":"Password and Password Repeat do not match"}
 [16.01.2023, 09:11:32][System]{"PasswordRepeat":"Password and Password Repeat do not match"}
 [16.01.2023, 09:15:16][System]{"username":"Username already exists"}
 [16.01.2023, 09:24:54][System]{"username":"Username already exists"}
 [16.01.2023, 10:53:36][System]{"Token":"SMS Token not correct or expired"}
 [16.01.2023, 10:54:58][System]{"Token":"SMS Token not correct or expired"}
 [16.01.2023, 10:58:08][System]{"Token":"SMS Token not correct or expired"}
 [16.01.2023, 11:01:03][System]{"Token":"SMS Token not correct or expired"}
 [16.01.2023, 11:19:40][System]{"Recovery":"Recovery Code not correct"}
 [16.01.2023, 19:38:29][System]{"Token":"SMS Token not correct or expired"}
 [16.01.2023, 20:42:15][Janis]{"TOTP":"TOTP Token not correct"}
 [16.01.2023, 20:43:19][Janis]{"TOTP":"TOTP Token not correct"}
 [16.01.2023, 20:44:48][Janis]{"TOTP":"TOTP Token not correct"}
 [16.01.2023, 20:45:43][Janis]{"Totp":"TOTP Token not correct"}
 [16.01.2023, 21:09:59][Janis]{"Totp":"TOTP Token not correct"}
 [16.01.2023, 21:10:15][Janis]{"Totp":"TOTP Token not correct"}
 [16.01.2023, 21:10:40][Janis]{"Totp":"TOTP Token not correct"}
 [16.01.2023, 21:12:34][Janis]{"Totp":"TOTP Token not correct"}
 [16.01.2023, 21:13:20][Janis]{"Totp":"TOTP Token not correct"}
 [16.01.2023, 21:14:56][Janis]{"Totp":"TOTP Token not correct"}
 [16.01.2023, 21:15:14][Janis]{"Totp":"TOTP Token not correct"}
 [16.01.2023, 21:19:50][Janis]{"Totp":"TOTP Token not correct"}
 [16.01.2023, 21:23:15][Janis]{"Totp":"TOTP Token not correct"}
 [16.01.2023, 21:35:14][Janis]{"Totp":"TOTP Token not correct"}
 [16.01.2023, 21:35:55][System]{"Login":"Wrong username or password"}
 [16.01.2023, 21:45:06][Recovery]{"Totp":"TOTP Authentication not set change in My Account!"}
 [16.01.2023, 21:45:17][Recovery]{"Totp":"TOTP Authentication not set change in My Account!"}
 [16.01.2023, 21:45:54][Recovery]{"Totp":"TOTP Authentication not set change in My Account!"}
 [16.01.2023, 21:46:25][Recovery]{"Totp":"TOTP Authentication not set change in My Account!"}
 [16.01.2023, 21:47:00][Janis]{"Totp":"TOTP Token not correct"}
 [16.01.2023, 21:47:55][Janis]{"Totp":"TOTP Token not correct"}
